<?xml version="1.0" encoding="UTF-8"?>
<!-- Generated by org.testng.reporters.JUnitReportReporter -->
<testsuite hostname="srinivass-mbp.lan" failures="0" tests="2" name="DivyaTestPractice.tests.OrderE2ETest" time="37.394" errors="0" timestamp="2025-04-07T16:21:02 PDT" skipped="0">
  <testcase classname="DivyaTestPractice.tests.OrderE2ETest" name="submitOrder" time="22.710"/>
  <testcase classname="DivyaTestPractice.tests.OrderE2ETest" name="checkOrderHistory" time="14.684"/>
</testsuite> <!-- DivyaTestPractice.tests.OrderE2ETest -->
